<?xml version="1.0" encoding="UTF-8"?>
<testng-results skipped="1" failed="0" ignored="0" total="1" passed="0">
  <reporter-output>
  </reporter-output>
  <suite name="Default suite" duration-ms="108" started-at="2018-09-14T16:19:20Z" finished-at="2018-09-14T16:19:21Z">
    <groups>
      <group name="smokeTest">
        <method signature="CampaignTest.createCampTest()[pri:0, instance:com.crm.CampaignTest.CampaignTest@704921a5]" name="createCampTest" class="com.crm.CampaignTest.CampaignTest"/>
      </group> <!-- smokeTest -->
    </groups>
    <test name="Default test" duration-ms="108" started-at="2018-09-14T16:19:20Z" finished-at="2018-09-14T16:19:21Z">
      <class name="com.crm.CampaignTest.CampaignTest">
        <test-method status="PASS" signature="configBs()[pri:0, instance:com.crm.CampaignTest.CampaignTest@704921a5]" name="configBs" is-config="true" duration-ms="34" started-at="2018-09-14T16:19:20Z" finished-at="2018-09-14T16:19:20Z">
          <reporter-output>
          </reporter-output>
        </test-method> <!-- configBs -->
        <test-method status="FAIL" signature="configBC()[pri:0, instance:com.crm.CampaignTest.CampaignTest@704921a5]" name="configBC" is-config="true" duration-ms="2" started-at="2018-09-14T16:19:20Z" finished-at="2018-09-14T16:19:20Z">
          <exception class="java.io.FileNotFoundException">
            <message>
              <![CDATA[.\TestData\commonData.properties (The system cannot find the path specified)]]>
            </message>
            <full-stacktrace>
              <![CDATA[java.io.FileNotFoundException: .\TestData\commonData.properties (The system cannot find the path specified)
at java.io.FileInputStream.open0(Native Method)
at java.io.FileInputStream.open(Unknown Source)
at java.io.FileInputStream.<init>(Unknown Source)
at java.io.FileInputStream.<init>(Unknown Source)
at com.crm.genericLib.GenericLib.getPropertiesFileObj(GenericLib.java:36)
at com.crm.genericLib.BaseClass.configBC(BaseClass.java:47)
at sun.reflect.NativeMethodAccessorImpl.invoke0(Native Method)
at sun.reflect.NativeMethodAccessorImpl.invoke(Unknown Source)
at sun.reflect.DelegatingMethodAccessorImpl.invoke(Unknown Source)
at java.lang.reflect.Method.invoke(Unknown Source)
at org.testng.internal.MethodInvocationHelper.invokeMethod(MethodInvocationHelper.java:124)
at org.testng.internal.MethodInvocationHelper.invokeMethodConsideringTimeout(MethodInvocationHelper.java:59)
at org.testng.internal.Invoker.invokeConfigurationMethod(Invoker.java:455)
at org.testng.internal.Invoker.invokeConfigurations(Invoker.java:222)
at org.testng.internal.Invoker.invokeConfigurations(Invoker.java:142)
at org.testng.internal.TestMethodWorker.invokeBeforeClassMethods(TestMethodWorker.java:168)
at org.testng.internal.TestMethodWorker.run(TestMethodWorker.java:105)
at org.testng.TestRunner.privateRun(TestRunner.java:648)
at org.testng.TestRunner.run(TestRunner.java:505)
at org.testng.SuiteRunner.runTest(SuiteRunner.java:455)
at org.testng.SuiteRunner.runSequentially(SuiteRunner.java:450)
at org.testng.SuiteRunner.privateRun(SuiteRunner.java:415)
at org.testng.SuiteRunner.run(SuiteRunner.java:364)
at org.testng.SuiteRunnerWorker.runSuite(SuiteRunnerWorker.java:52)
at org.testng.SuiteRunnerWorker.run(SuiteRunnerWorker.java:84)
at org.testng.TestNG.runSuitesSequentially(TestNG.java:1208)
at org.testng.TestNG.runSuitesLocally(TestNG.java:1137)
at org.testng.TestNG.runSuites(TestNG.java:1049)
at org.testng.TestNG.run(TestNG.java:1017)
at org.testng.remote.AbstractRemoteTestNG.run(AbstractRemoteTestNG.java:114)
at org.testng.remote.RemoteTestNG.initAndRun(RemoteTestNG.java:251)
at org.testng.remote.RemoteTestNG.main(RemoteTestNG.java:77)
]]>
            </full-stacktrace>
          </exception> <!-- java.io.FileNotFoundException -->
          <reporter-output>
          </reporter-output>
        </test-method> <!-- configBC -->
        <test-method status="SKIP" signature="login()[pri:0, instance:com.crm.CampaignTest.CampaignTest@704921a5]" name="login" is-config="true" duration-ms="0" started-at="2018-09-14T16:19:20Z" finished-at="2018-09-14T16:19:20Z">
          <reporter-output>
          </reporter-output>
        </test-method> <!-- login -->
        <test-method status="SKIP" signature="createCampTest()[pri:0, instance:com.crm.CampaignTest.CampaignTest@704921a5]" name="createCampTest" duration-ms="0" started-at="2018-09-14T16:19:21Z" finished-at="2018-09-14T16:19:21Z">
          <exception class="java.io.FileNotFoundException">
            <message>
              <![CDATA[.\TestData\commonData.properties (The system cannot find the path specified)]]>
            </message>
            <full-stacktrace>
              <![CDATA[java.io.FileNotFoundException: .\TestData\commonData.properties (The system cannot find the path specified)
at java.io.FileInputStream.open0(Native Method)
at java.io.FileInputStream.open(Unknown Source)
at java.io.FileInputStream.<init>(Unknown Source)
at java.io.FileInputStream.<init>(Unknown Source)
at com.crm.genericLib.GenericLib.getPropertiesFileObj(GenericLib.java:36)
at com.crm.genericLib.BaseClass.configBC(BaseClass.java:47)
at sun.reflect.NativeMethodAccessorImpl.invoke0(Native Method)
at sun.reflect.NativeMethodAccessorImpl.invoke(Unknown Source)
at sun.reflect.DelegatingMethodAccessorImpl.invoke(Unknown Source)
at java.lang.reflect.Method.invoke(Unknown Source)
at org.testng.internal.MethodInvocationHelper.invokeMethod(MethodInvocationHelper.java:124)
at org.testng.internal.MethodInvocationHelper.invokeMethodConsideringTimeout(MethodInvocationHelper.java:59)
at org.testng.internal.Invoker.invokeConfigurationMethod(Invoker.java:455)
at org.testng.internal.Invoker.invokeConfigurations(Invoker.java:222)
at org.testng.internal.Invoker.invokeConfigurations(Invoker.java:142)
at org.testng.internal.TestMethodWorker.invokeBeforeClassMethods(TestMethodWorker.java:168)
at org.testng.internal.TestMethodWorker.run(TestMethodWorker.java:105)
at org.testng.TestRunner.privateRun(TestRunner.java:648)
at org.testng.TestRunner.run(TestRunner.java:505)
at org.testng.SuiteRunner.runTest(SuiteRunner.java:455)
at org.testng.SuiteRunner.runSequentially(SuiteRunner.java:450)
at org.testng.SuiteRunner.privateRun(SuiteRunner.java:415)
at org.testng.SuiteRunner.run(SuiteRunner.java:364)
at org.testng.SuiteRunnerWorker.runSuite(SuiteRunnerWorker.java:52)
at org.testng.SuiteRunnerWorker.run(SuiteRunnerWorker.java:84)
at org.testng.TestNG.runSuitesSequentially(TestNG.java:1208)
at org.testng.TestNG.runSuitesLocally(TestNG.java:1137)
at org.testng.TestNG.runSuites(TestNG.java:1049)
at org.testng.TestNG.run(TestNG.java:1017)
at org.testng.remote.AbstractRemoteTestNG.run(AbstractRemoteTestNG.java:114)
at org.testng.remote.RemoteTestNG.initAndRun(RemoteTestNG.java:251)
at org.testng.remote.RemoteTestNG.main(RemoteTestNG.java:77)
]]>
            </full-stacktrace>
          </exception> <!-- java.io.FileNotFoundException -->
          <reporter-output>
          </reporter-output>
        </test-method> <!-- createCampTest -->
        <test-method status="SKIP" signature="logout()[pri:0, instance:com.crm.CampaignTest.CampaignTest@704921a5]" name="logout" is-config="true" duration-ms="0" started-at="2018-09-14T16:19:21Z" finished-at="2018-09-14T16:19:21Z">
          <reporter-output>
          </reporter-output>
        </test-method> <!-- logout -->
        <test-method status="SKIP" signature="closeBrowser()[pri:0, instance:com.crm.CampaignTest.CampaignTest@704921a5]" name="closeBrowser" is-config="true" duration-ms="0" started-at="2018-09-14T16:19:21Z" finished-at="2018-09-14T16:19:21Z">
          <reporter-output>
          </reporter-output>
        </test-method> <!-- closeBrowser -->
        <test-method status="SKIP" signature="configAftSuite()[pri:0, instance:com.crm.CampaignTest.CampaignTest@704921a5]" name="configAftSuite" is-config="true" duration-ms="0" started-at="2018-09-14T16:19:21Z" finished-at="2018-09-14T16:19:21Z">
          <reporter-output>
          </reporter-output>
        </test-method> <!-- configAftSuite -->
      </class> <!-- com.crm.CampaignTest.CampaignTest -->
    </test> <!-- Default test -->
  </suite> <!-- Default suite -->
</testng-results>
